[    8733ms] Error: Could not find the module "C:\Users\JephMari\Desktop\Portfolio\nomanuAI\src\lib\theme-context.tsx#ThemeProvider" in the React Client Manifest. This is probably a bug in the React Server Components bundler.
    at stringify (<anonymous>:1:18)
    at stringify (<anonymous>:1:18)
    at resolveErrorDev (webpack-internal:///(app-pages-browser)/./node_modules/next/dist/compiled/react-server-dom-webpack/cjs/react-server-dom-webpack-client.browser.development.js:2337:46)
    at processFullStringRow (webpack-internal:///(app-pages-browser)/./node_modules/next/dist/compiled/react-server-dom-webpack/cjs/react-server-dom-webpack-client.browser.development.js:2823:23)
    at processFullBinaryRow (webpack-internal:///(app-pages-browser)/./node_modules/next/dist/compiled/react-server-dom-webpack/cjs/react-server-dom-webpack-client.browser.development.js:2766:7)
    at processBinaryChunk (webpack-internal:///(app-pages-browser)/./node_modules/next/dist/compiled/react-server-dom-webpack/cjs/react-server-dom-webpack-client.browser.development.js:2969:15)
    at progress (webpack-internal:///(app-pages-browser)/./node_modules/next/dist/compiled/react-server-dom-webpack/cjs/react-server-dom-webpack-client.browser.development.js:3233:13)
[    8731ms] [WARNING] [Fast Refresh] performing full reload because your application had an unrecoverable error @ webpack-internal:///(app-pages-browser)/./node_modules/next/dist/client/dev/hot-reloader/app/hot-reloader-app.js:113
[   11977ms] [WARNING] [Fast Refresh] performing full reload because your application had an unrecoverable error @ webpack-internal:///(app-pages-browser)/./node_modules/next/dist/client/dev/hot-reloader/app/hot-reloader-app.js:113
[   15305ms] [ERROR] Failed to load resource: the server responded with a status of 500 (Internal Server Error) @ http://localhost:3001/:0
[   18566ms] Error: Could not find the module "c:\Users\JephMari\Desktop\Portfolio\nomanuAI\node_modules\next\dist\client\components\builtin\global-error.js#" in the React Client Manifest. This is probably a bug in the React Server Components bundler.
    at stringify (<anonymous>:1:18)
    at resolveErrorDev (file://c:\Users\JephMari\Desktop\Portfolio\nomanuAI\node_modules\next\dist\compiled\next-server\app-page.runtime.dev.js:2:370234)
    at processFullStringRow (file://c:\Users\JephMari\Desktop\Portfolio\nomanuAI\node_modules\next\dist\compiled\next-server\app-page.runtime.dev.js:2:380081)
    at <unknown> (file://c:\Users\JephMari\Desktop\Portfolio\nomanuAI\node_modules\next\dist\compiled\next-server\app-page.runtime.dev.js:2:385329)
    at processBinaryChunk (file://c:\Users\JephMari\Desktop\Portfolio\nomanuAI\node_modules\next\dist\compiled\next-server\app-page.runtime.dev.js:2:385401)
    at progress (file://c:\Users\JephMari\Desktop\Portfolio\nomanuAI\node_modules\next\dist\compiled\next-server\app-page.runtime.dev.js:2:386929)
[   64853ms] [WARNING] [Fast Refresh] performing full reload because your application had an unrecoverable error @ webpack-internal:///(pages-dir-browser)/./node_modules/next/dist/client/dev/hot-reloader/pages/hot-reloader-pages.js:347
[   78747ms] [ERROR] Failed to load resource: the server responded with a status of 500 (Internal Server Error) @ http://localhost:3001/:0
