[     108ms] [WARNING] <meta name="apple-mobile-web-app-capable" content="yes"> is deprecated. Please include <meta name="mobile-web-app-capable" content="yes"> @ http://localhost:3001/clientintake:0
[     268ms] [WARNING] Missing Supabase environment variables - using placeholder values @ http://localhost:3001/_next/static/chunks/app/page-6ed5246b91cf0e9e.js:0
[  204645ms] [ERROR] Failed to load resource: the server responded with a status of 403 () @ https://lottie.host/2d72dc12-f9c3-4246-9ca4-761c6b68b7e8/otmznHELV9.lottie:0
[  204645ms] [ERROR] Failed to load resource: the server responded with a status of 403 () @ https://lottie.host/2d72dc12-f9c3-4246-9ca4-761c6b68b7e8/otmznHELV9.lottie:0
[  209833ms] [ERROR] Failed to load resource: the server responded with a status of 403 () @ https://lottie.host/087108cc-2e05-43ae-ab7b-a6097b603f0c/d2NDpHCZcX.lottie:0
[  204645ms] [ERROR] Failed to load resource: the server responded with a status of 403 () @ https://lottie.host/2d72dc12-f9c3-4246-9ca4-761c6b68b7e8/otmznHELV9.lottie:0
[  209833ms] [ERROR] Failed to load resource: the server responded with a status of 403 () @ https://lottie.host/087108cc-2e05-43ae-ab7b-a6097b603f0c/d2NDpHCZcX.lottie:0
[  210794ms] [ERROR] Failed to load resource: the server responded with a status of 403 () @ https://lottie.host/15c9e726-c4e6-4c91-b85e-8689fe0cb5f9/KSIIvmyugy.lottie:0
[  204645ms] [ERROR] Failed to load resource: the server responded with a status of 403 () @ https://lottie.host/2d72dc12-f9c3-4246-9ca4-761c6b68b7e8/otmznHELV9.lottie:0
[  209833ms] [ERROR] Failed to load resource: the server responded with a status of 403 () @ https://lottie.host/087108cc-2e05-43ae-ab7b-a6097b603f0c/d2NDpHCZcX.lottie:0
[  210794ms] [ERROR] Failed to load resource: the server responded with a status of 403 () @ https://lottie.host/15c9e726-c4e6-4c91-b85e-8689fe0cb5f9/KSIIvmyugy.lottie:0
[  204645ms] [ERROR] Failed to load resource: the server responded with a status of 403 () @ https://lottie.host/2d72dc12-f9c3-4246-9ca4-761c6b68b7e8/otmznHELV9.lottie:0
[  209833ms] [ERROR] Failed to load resource: the server responded with a status of 403 () @ https://lottie.host/087108cc-2e05-43ae-ab7b-a6097b603f0c/d2NDpHCZcX.lottie:0
[  210794ms] [ERROR] Failed to load resource: the server responded with a status of 403 () @ https://lottie.host/15c9e726-c4e6-4c91-b85e-8689fe0cb5f9/KSIIvmyugy.lottie:0
[  204645ms] [ERROR] Failed to load resource: the server responded with a status of 403 () @ https://lottie.host/2d72dc12-f9c3-4246-9ca4-761c6b68b7e8/otmznHELV9.lottie:0
[  209833ms] [ERROR] Failed to load resource: the server responded with a status of 403 () @ https://lottie.host/087108cc-2e05-43ae-ab7b-a6097b603f0c/d2NDpHCZcX.lottie:0
[  210794ms] [ERROR] Failed to load resource: the server responded with a status of 403 () @ https://lottie.host/15c9e726-c4e6-4c91-b85e-8689fe0cb5f9/KSIIvmyugy.lottie:0
[  204645ms] [ERROR] Failed to load resource: the server responded with a status of 403 () @ https://lottie.host/2d72dc12-f9c3-4246-9ca4-761c6b68b7e8/otmznHELV9.lottie:0
[  209833ms] [ERROR] Failed to load resource: the server responded with a status of 403 () @ https://lottie.host/087108cc-2e05-43ae-ab7b-a6097b603f0c/d2NDpHCZcX.lottie:0
[  210794ms] [ERROR] Failed to load resource: the server responded with a status of 403 () @ https://lottie.host/15c9e726-c4e6-4c91-b85e-8689fe0cb5f9/KSIIvmyugy.lottie:0
[  204645ms] [ERROR] Failed to load resource: the server responded with a status of 403 () @ https://lottie.host/2d72dc12-f9c3-4246-9ca4-761c6b68b7e8/otmznHELV9.lottie:0
[  209833ms] [ERROR] Failed to load resource: the server responded with a status of 403 () @ https://lottie.host/087108cc-2e05-43ae-ab7b-a6097b603f0c/d2NDpHCZcX.lottie:0
[  210794ms] [ERROR] Failed to load resource: the server responded with a status of 403 () @ https://lottie.host/15c9e726-c4e6-4c91-b85e-8689fe0cb5f9/KSIIvmyugy.lottie:0
[  211665ms] [ERROR] Failed to load resource: the server responded with a status of 403 () @ https://lottie.host/676ba249-78b3-4d76-956d-adf89efb2a76/ygRWOuRKbJ.lottie:0
[  211683ms] [ERROR] Failed to load resource: the server responded with a status of 403 () @ https://lottie.host/0a219d7c-539c-4100-9066-5124cc46c7ac/Dmrwc1Et7J.lottie:0
[  212064ms] [ERROR] Failed to load resource: the server responded with a status of 403 () @ https://lottie.host/86945951-c9a6-4c44-ab90-4a8cafd1adf7/3qazEaYoVx.lottie:0
[  204645ms] [ERROR] Failed to load resource: the server responded with a status of 403 () @ https://lottie.host/2d72dc12-f9c3-4246-9ca4-761c6b68b7e8/otmznHELV9.lottie:0
[  209833ms] [ERROR] Failed to load resource: the server responded with a status of 403 () @ https://lottie.host/087108cc-2e05-43ae-ab7b-a6097b603f0c/d2NDpHCZcX.lottie:0
[  210794ms] [ERROR] Failed to load resource: the server responded with a status of 403 () @ https://lottie.host/15c9e726-c4e6-4c91-b85e-8689fe0cb5f9/KSIIvmyugy.lottie:0
[  211665ms] [ERROR] Failed to load resource: the server responded with a status of 403 () @ https://lottie.host/676ba249-78b3-4d76-956d-adf89efb2a76/ygRWOuRKbJ.lottie:0
[  211683ms] [ERROR] Failed to load resource: the server responded with a status of 403 () @ https://lottie.host/0a219d7c-539c-4100-9066-5124cc46c7ac/Dmrwc1Et7J.lottie:0
[  212064ms] [ERROR] Failed to load resource: the server responded with a status of 403 () @ https://lottie.host/86945951-c9a6-4c44-ab90-4a8cafd1adf7/3qazEaYoVx.lottie:0
[  213257ms] [ERROR] Failed to load resource: the server responded with a status of 403 () @ https://lottie.host/a503333d-300b-499d-bea4-16ed5735ed88/riwclcALDL.lottie:0
[  204645ms] [ERROR] Failed to load resource: the server responded with a status of 403 () @ https://lottie.host/2d72dc12-f9c3-4246-9ca4-761c6b68b7e8/otmznHELV9.lottie:0
[  209833ms] [ERROR] Failed to load resource: the server responded with a status of 403 () @ https://lottie.host/087108cc-2e05-43ae-ab7b-a6097b603f0c/d2NDpHCZcX.lottie:0
[  210794ms] [ERROR] Failed to load resource: the server responded with a status of 403 () @ https://lottie.host/15c9e726-c4e6-4c91-b85e-8689fe0cb5f9/KSIIvmyugy.lottie:0
[  211665ms] [ERROR] Failed to load resource: the server responded with a status of 403 () @ https://lottie.host/676ba249-78b3-4d76-956d-adf89efb2a76/ygRWOuRKbJ.lottie:0
[  211683ms] [ERROR] Failed to load resource: the server responded with a status of 403 () @ https://lottie.host/0a219d7c-539c-4100-9066-5124cc46c7ac/Dmrwc1Et7J.lottie:0
[  212064ms] [ERROR] Failed to load resource: the server responded with a status of 403 () @ https://lottie.host/86945951-c9a6-4c44-ab90-4a8cafd1adf7/3qazEaYoVx.lottie:0
[  213257ms] [ERROR] Failed to load resource: the server responded with a status of 403 () @ https://lottie.host/a503333d-300b-499d-bea4-16ed5735ed88/riwclcALDL.lottie:0
[  213917ms] [ERROR] Failed to load resource: the server responded with a status of 403 () @ https://lottie.host/cf5a013f-0590-4462-b7ac-a86002ac9f76/OjiADZe4jM.lottie:0
[  204645ms] [ERROR] Failed to load resource: the server responded with a status of 403 () @ https://lottie.host/2d72dc12-f9c3-4246-9ca4-761c6b68b7e8/otmznHELV9.lottie:0
[  209833ms] [ERROR] Failed to load resource: the server responded with a status of 403 () @ https://lottie.host/087108cc-2e05-43ae-ab7b-a6097b603f0c/d2NDpHCZcX.lottie:0
[  210794ms] [ERROR] Failed to load resource: the server responded with a status of 403 () @ https://lottie.host/15c9e726-c4e6-4c91-b85e-8689fe0cb5f9/KSIIvmyugy.lottie:0
[  211665ms] [ERROR] Failed to load resource: the server responded with a status of 403 () @ https://lottie.host/676ba249-78b3-4d76-956d-adf89efb2a76/ygRWOuRKbJ.lottie:0
[  211683ms] [ERROR] Failed to load resource: the server responded with a status of 403 () @ https://lottie.host/0a219d7c-539c-4100-9066-5124cc46c7ac/Dmrwc1Et7J.lottie:0
[  212064ms] [ERROR] Failed to load resource: the server responded with a status of 403 () @ https://lottie.host/86945951-c9a6-4c44-ab90-4a8cafd1adf7/3qazEaYoVx.lottie:0
[  213257ms] [ERROR] Failed to load resource: the server responded with a status of 403 () @ https://lottie.host/a503333d-300b-499d-bea4-16ed5735ed88/riwclcALDL.lottie:0
[  213917ms] [ERROR] Failed to load resource: the server responded with a status of 403 () @ https://lottie.host/cf5a013f-0590-4462-b7ac-a86002ac9f76/OjiADZe4jM.lottie:0
[  204645ms] [ERROR] Failed to load resource: the server responded with a status of 403 () @ https://lottie.host/2d72dc12-f9c3-4246-9ca4-761c6b68b7e8/otmznHELV9.lottie:0
[  209833ms] [ERROR] Failed to load resource: the server responded with a status of 403 () @ https://lottie.host/087108cc-2e05-43ae-ab7b-a6097b603f0c/d2NDpHCZcX.lottie:0
[  210794ms] [ERROR] Failed to load resource: the server responded with a status of 403 () @ https://lottie.host/15c9e726-c4e6-4c91-b85e-8689fe0cb5f9/KSIIvmyugy.lottie:0
[  211665ms] [ERROR] Failed to load resource: the server responded with a status of 403 () @ https://lottie.host/676ba249-78b3-4d76-956d-adf89efb2a76/ygRWOuRKbJ.lottie:0
[  211683ms] [ERROR] Failed to load resource: the server responded with a status of 403 () @ https://lottie.host/0a219d7c-539c-4100-9066-5124cc46c7ac/Dmrwc1Et7J.lottie:0
[  212064ms] [ERROR] Failed to load resource: the server responded with a status of 403 () @ https://lottie.host/86945951-c9a6-4c44-ab90-4a8cafd1adf7/3qazEaYoVx.lottie:0
[  213257ms] [ERROR] Failed to load resource: the server responded with a status of 403 () @ https://lottie.host/a503333d-300b-499d-bea4-16ed5735ed88/riwclcALDL.lottie:0
[  213917ms] [ERROR] Failed to load resource: the server responded with a status of 403 () @ https://lottie.host/cf5a013f-0590-4462-b7ac-a86002ac9f76/OjiADZe4jM.lottie:0
[  204645ms] [ERROR] Failed to load resource: the server responded with a status of 403 () @ https://lottie.host/2d72dc12-f9c3-4246-9ca4-761c6b68b7e8/otmznHELV9.lottie:0
[  209833ms] [ERROR] Failed to load resource: the server responded with a status of 403 () @ https://lottie.host/087108cc-2e05-43ae-ab7b-a6097b603f0c/d2NDpHCZcX.lottie:0
[  210794ms] [ERROR] Failed to load resource: the server responded with a status of 403 () @ https://lottie.host/15c9e726-c4e6-4c91-b85e-8689fe0cb5f9/KSIIvmyugy.lottie:0
[  211665ms] [ERROR] Failed to load resource: the server responded with a status of 403 () @ https://lottie.host/676ba249-78b3-4d76-956d-adf89efb2a76/ygRWOuRKbJ.lottie:0
[  211683ms] [ERROR] Failed to load resource: the server responded with a status of 403 () @ https://lottie.host/0a219d7c-539c-4100-9066-5124cc46c7ac/Dmrwc1Et7J.lottie:0
[  212064ms] [ERROR] Failed to load resource: the server responded with a status of 403 () @ https://lottie.host/86945951-c9a6-4c44-ab90-4a8cafd1adf7/3qazEaYoVx.lottie:0
[  213257ms] [ERROR] Failed to load resource: the server responded with a status of 403 () @ https://lottie.host/a503333d-300b-499d-bea4-16ed5735ed88/riwclcALDL.lottie:0
[  213917ms] [ERROR] Failed to load resource: the server responded with a status of 403 () @ https://lottie.host/cf5a013f-0590-4462-b7ac-a86002ac9f76/OjiADZe4jM.lottie:0
[ 2300347ms] Invalid or unexpected token
[ 2302214ms] [WARNING] <meta name="apple-mobile-web-app-capable" content="yes"> is deprecated. Please include <meta name="mobile-web-app-capable" content="yes"> @ http://localhost:3002/:0
[ 2313720ms] [WARNING] <meta name="apple-mobile-web-app-capable" content="yes"> is deprecated. Please include <meta name="mobile-web-app-capable" content="yes"> @ http://localhost:3002/:0
[ 2314349ms] [WARNING] Image with src "/assets/mission-vision.jpg" has "fill" but is missing "sizes" prop. Please add it to improve page performance. Read more: https://nextjs.org/docs/api-reference/next/image#sizes @ webpack-internal:///(app-pages-browser)/./node_modules/next/dist/shared/lib/utils/warn-once.js:15
[ 2340755ms] [ERROR] Failed to load resource: the server responded with a status of 403 () @ https://lottie.host/2d72dc12-f9c3-4246-9ca4-761c6b68b7e8/otmznHELV9.lottie:0
[ 2341352ms] [WARNING] Image with src "/whyChoose/customer-service.jpg" has "fill" but is missing "sizes" prop. Please add it to improve page performance. Read more: https://nextjs.org/docs/api-reference/next/image#sizes @ webpack-internal:///(app-pages-browser)/./node_modules/next/dist/shared/lib/utils/warn-once.js:15
[ 2340755ms] [ERROR] Failed to load resource: the server responded with a status of 403 () @ https://lottie.host/2d72dc12-f9c3-4246-9ca4-761c6b68b7e8/otmznHELV9.lottie:0
[ 2341919ms] [WARNING] Image with src "/whyChoose/process-driven.png" has "fill" but is missing "sizes" prop. Please add it to improve page performance. Read more: https://nextjs.org/docs/api-reference/next/image#sizes @ webpack-internal:///(app-pages-browser)/./node_modules/next/dist/shared/lib/utils/warn-once.js:15
[ 2342093ms] [ERROR] Failed to load resource: the server responded with a status of 403 () @ https://lottie.host/087108cc-2e05-43ae-ab7b-a6097b603f0c/d2NDpHCZcX.lottie:0
[ 2342254ms] [WARNING] Image with src "/whyChoose/low-code.png" has "fill" but is missing "sizes" prop. Please add it to improve page performance. Read more: https://nextjs.org/docs/api-reference/next/image#sizes @ webpack-internal:///(app-pages-browser)/./node_modules/next/dist/shared/lib/utils/warn-once.js:15
[ 2340755ms] [ERROR] Failed to load resource: the server responded with a status of 403 () @ https://lottie.host/2d72dc12-f9c3-4246-9ca4-761c6b68b7e8/otmznHELV9.lottie:0
[ 2342093ms] [ERROR] Failed to load resource: the server responded with a status of 403 () @ https://lottie.host/087108cc-2e05-43ae-ab7b-a6097b603f0c/d2NDpHCZcX.lottie:0
[ 2342369ms] [WARNING] Image with src "/whyChoose/sustainable.png" has "fill" but is missing "sizes" prop. Please add it to improve page performance. Read more: https://nextjs.org/docs/api-reference/next/image#sizes @ webpack-internal:///(app-pages-browser)/./node_modules/next/dist/shared/lib/utils/warn-once.js:15
[ 2342604ms] [WARNING] Image with src "/whyChoose/people-meeting.jpg" has "fill" but is missing "sizes" prop. Please add it to improve page performance. Read more: https://nextjs.org/docs/api-reference/next/image#sizes @ webpack-internal:///(app-pages-browser)/./node_modules/next/dist/shared/lib/utils/warn-once.js:15
[ 2340755ms] [ERROR] Failed to load resource: the server responded with a status of 403 () @ https://lottie.host/2d72dc12-f9c3-4246-9ca4-761c6b68b7e8/otmznHELV9.lottie:0
[ 2342093ms] [ERROR] Failed to load resource: the server responded with a status of 403 () @ https://lottie.host/087108cc-2e05-43ae-ab7b-a6097b603f0c/d2NDpHCZcX.lottie:0
[ 2340755ms] [ERROR] Failed to load resource: the server responded with a status of 403 () @ https://lottie.host/2d72dc12-f9c3-4246-9ca4-761c6b68b7e8/otmznHELV9.lottie:0
[ 2342093ms] [ERROR] Failed to load resource: the server responded with a status of 403 () @ https://lottie.host/087108cc-2e05-43ae-ab7b-a6097b603f0c/d2NDpHCZcX.lottie:0
[ 2340755ms] [ERROR] Failed to load resource: the server responded with a status of 403 () @ https://lottie.host/2d72dc12-f9c3-4246-9ca4-761c6b68b7e8/otmznHELV9.lottie:0
[ 2342093ms] [ERROR] Failed to load resource: the server responded with a status of 403 () @ https://lottie.host/087108cc-2e05-43ae-ab7b-a6097b603f0c/d2NDpHCZcX.lottie:0
[ 2343066ms] [ERROR] Failed to load resource: the server responded with a status of 403 () @ https://lottie.host/15c9e726-c4e6-4c91-b85e-8689fe0cb5f9/KSIIvmyugy.lottie:0
[ 2340755ms] [ERROR] Failed to load resource: the server responded with a status of 403 () @ https://lottie.host/2d72dc12-f9c3-4246-9ca4-761c6b68b7e8/otmznHELV9.lottie:0
[ 2342093ms] [ERROR] Failed to load resource: the server responded with a status of 403 () @ https://lottie.host/087108cc-2e05-43ae-ab7b-a6097b603f0c/d2NDpHCZcX.lottie:0
[ 2343066ms] [ERROR] Failed to load resource: the server responded with a status of 403 () @ https://lottie.host/15c9e726-c4e6-4c91-b85e-8689fe0cb5f9/KSIIvmyugy.lottie:0
[ 2340755ms] [ERROR] Failed to load resource: the server responded with a status of 403 () @ https://lottie.host/2d72dc12-f9c3-4246-9ca4-761c6b68b7e8/otmznHELV9.lottie:0
[ 2342093ms] [ERROR] Failed to load resource: the server responded with a status of 403 () @ https://lottie.host/087108cc-2e05-43ae-ab7b-a6097b603f0c/d2NDpHCZcX.lottie:0
[ 2343066ms] [ERROR] Failed to load resource: the server responded with a status of 403 () @ https://lottie.host/15c9e726-c4e6-4c91-b85e-8689fe0cb5f9/KSIIvmyugy.lottie:0
[ 2343633ms] [ERROR] Failed to load resource: the server responded with a status of 403 () @ https://lottie.host/0a219d7c-539c-4100-9066-5124cc46c7ac/Dmrwc1Et7J.lottie:0
[ 2343641ms] [ERROR] Failed to load resource: the server responded with a status of 403 () @ https://lottie.host/676ba249-78b3-4d76-956d-adf89efb2a76/ygRWOuRKbJ.lottie:0
[ 2344229ms] [ERROR] Failed to load resource: the server responded with a status of 403 () @ https://lottie.host/86945951-c9a6-4c44-ab90-4a8cafd1adf7/3qazEaYoVx.lottie:0
[ 2340755ms] [ERROR] Failed to load resource: the server responded with a status of 403 () @ https://lottie.host/2d72dc12-f9c3-4246-9ca4-761c6b68b7e8/otmznHELV9.lottie:0
[ 2342093ms] [ERROR] Failed to load resource: the server responded with a status of 403 () @ https://lottie.host/087108cc-2e05-43ae-ab7b-a6097b603f0c/d2NDpHCZcX.lottie:0
[ 2343066ms] [ERROR] Failed to load resource: the server responded with a status of 403 () @ https://lottie.host/15c9e726-c4e6-4c91-b85e-8689fe0cb5f9/KSIIvmyugy.lottie:0
[ 2343633ms] [ERROR] Failed to load resource: the server responded with a status of 403 () @ https://lottie.host/0a219d7c-539c-4100-9066-5124cc46c7ac/Dmrwc1Et7J.lottie:0
[ 2343641ms] [ERROR] Failed to load resource: the server responded with a status of 403 () @ https://lottie.host/676ba249-78b3-4d76-956d-adf89efb2a76/ygRWOuRKbJ.lottie:0
[ 2344229ms] [ERROR] Failed to load resource: the server responded with a status of 403 () @ https://lottie.host/86945951-c9a6-4c44-ab90-4a8cafd1adf7/3qazEaYoVx.lottie:0
[ 2340755ms] [ERROR] Failed to load resource: the server responded with a status of 403 () @ https://lottie.host/2d72dc12-f9c3-4246-9ca4-761c6b68b7e8/otmznHELV9.lottie:0
[ 2342093ms] [ERROR] Failed to load resource: the server responded with a status of 403 () @ https://lottie.host/087108cc-2e05-43ae-ab7b-a6097b603f0c/d2NDpHCZcX.lottie:0
[ 2343066ms] [ERROR] Failed to load resource: the server responded with a status of 403 () @ https://lottie.host/15c9e726-c4e6-4c91-b85e-8689fe0cb5f9/KSIIvmyugy.lottie:0
[ 2343633ms] [ERROR] Failed to load resource: the server responded with a status of 403 () @ https://lottie.host/0a219d7c-539c-4100-9066-5124cc46c7ac/Dmrwc1Et7J.lottie:0
[ 2343641ms] [ERROR] Failed to load resource: the server responded with a status of 403 () @ https://lottie.host/676ba249-78b3-4d76-956d-adf89efb2a76/ygRWOuRKbJ.lottie:0
[ 2344229ms] [ERROR] Failed to load resource: the server responded with a status of 403 () @ https://lottie.host/86945951-c9a6-4c44-ab90-4a8cafd1adf7/3qazEaYoVx.lottie:0
[ 2345158ms] [ERROR] Failed to load resource: the server responded with a status of 403 () @ https://lottie.host/a503333d-300b-499d-bea4-16ed5735ed88/riwclcALDL.lottie:0
[ 2345287ms] [WARNING] Image with src "/whyChoose/automation-image-custom.png" has "fill" but is missing "sizes" prop. Please add it to improve page performance. Read more: https://nextjs.org/docs/api-reference/next/image#sizes @ webpack-internal:///(app-pages-browser)/./node_modules/next/dist/shared/lib/utils/warn-once.js:15
[ 2340755ms] [ERROR] Failed to load resource: the server responded with a status of 403 () @ https://lottie.host/2d72dc12-f9c3-4246-9ca4-761c6b68b7e8/otmznHELV9.lottie:0
[ 2342093ms] [ERROR] Failed to load resource: the server responded with a status of 403 () @ https://lottie.host/087108cc-2e05-43ae-ab7b-a6097b603f0c/d2NDpHCZcX.lottie:0
[ 2343066ms] [ERROR] Failed to load resource: the server responded with a status of 403 () @ https://lottie.host/15c9e726-c4e6-4c91-b85e-8689fe0cb5f9/KSIIvmyugy.lottie:0
[ 2343633ms] [ERROR] Failed to load resource: the server responded with a status of 403 () @ https://lottie.host/0a219d7c-539c-4100-9066-5124cc46c7ac/Dmrwc1Et7J.lottie:0
[ 2343641ms] [ERROR] Failed to load resource: the server responded with a status of 403 () @ https://lottie.host/676ba249-78b3-4d76-956d-adf89efb2a76/ygRWOuRKbJ.lottie:0
[ 2344229ms] [ERROR] Failed to load resource: the server responded with a status of 403 () @ https://lottie.host/86945951-c9a6-4c44-ab90-4a8cafd1adf7/3qazEaYoVx.lottie:0
[ 2345158ms] [ERROR] Failed to load resource: the server responded with a status of 403 () @ https://lottie.host/a503333d-300b-499d-bea4-16ed5735ed88/riwclcALDL.lottie:0
[ 2340755ms] [ERROR] Failed to load resource: the server responded with a status of 403 () @ https://lottie.host/2d72dc12-f9c3-4246-9ca4-761c6b68b7e8/otmznHELV9.lottie:0
[ 2342093ms] [ERROR] Failed to load resource: the server responded with a status of 403 () @ https://lottie.host/087108cc-2e05-43ae-ab7b-a6097b603f0c/d2NDpHCZcX.lottie:0
[ 2343066ms] [ERROR] Failed to load resource: the server responded with a status of 403 () @ https://lottie.host/15c9e726-c4e6-4c91-b85e-8689fe0cb5f9/KSIIvmyugy.lottie:0
[ 2343633ms] [ERROR] Failed to load resource: the server responded with a status of 403 () @ https://lottie.host/0a219d7c-539c-4100-9066-5124cc46c7ac/Dmrwc1Et7J.lottie:0
[ 2343641ms] [ERROR] Failed to load resource: the server responded with a status of 403 () @ https://lottie.host/676ba249-78b3-4d76-956d-adf89efb2a76/ygRWOuRKbJ.lottie:0
[ 2344229ms] [ERROR] Failed to load resource: the server responded with a status of 403 () @ https://lottie.host/86945951-c9a6-4c44-ab90-4a8cafd1adf7/3qazEaYoVx.lottie:0
[ 2345158ms] [ERROR] Failed to load resource: the server responded with a status of 403 () @ https://lottie.host/a503333d-300b-499d-bea4-16ed5735ed88/riwclcALDL.lottie:0
[ 2340755ms] [ERROR] Failed to load resource: the server responded with a status of 403 () @ https://lottie.host/2d72dc12-f9c3-4246-9ca4-761c6b68b7e8/otmznHELV9.lottie:0
[ 2342093ms] [ERROR] Failed to load resource: the server responded with a status of 403 () @ https://lottie.host/087108cc-2e05-43ae-ab7b-a6097b603f0c/d2NDpHCZcX.lottie:0
[ 2343066ms] [ERROR] Failed to load resource: the server responded with a status of 403 () @ https://lottie.host/15c9e726-c4e6-4c91-b85e-8689fe0cb5f9/KSIIvmyugy.lottie:0
[ 2343633ms] [ERROR] Failed to load resource: the server responded with a status of 403 () @ https://lottie.host/0a219d7c-539c-4100-9066-5124cc46c7ac/Dmrwc1Et7J.lottie:0
[ 2343641ms] [ERROR] Failed to load resource: the server responded with a status of 403 () @ https://lottie.host/676ba249-78b3-4d76-956d-adf89efb2a76/ygRWOuRKbJ.lottie:0
[ 2344229ms] [ERROR] Failed to load resource: the server responded with a status of 403 () @ https://lottie.host/86945951-c9a6-4c44-ab90-4a8cafd1adf7/3qazEaYoVx.lottie:0
[ 2345158ms] [ERROR] Failed to load resource: the server responded with a status of 403 () @ https://lottie.host/a503333d-300b-499d-bea4-16ed5735ed88/riwclcALDL.lottie:0
[ 2345699ms] [ERROR] Failed to load resource: the server responded with a status of 403 () @ https://lottie.host/cf5a013f-0590-4462-b7ac-a86002ac9f76/OjiADZe4jM.lottie:0
[ 2363083ms] [WARNING] Detected `scroll-behavior: smooth` on the `<html>` element. In a future version, Next.js will no longer automatically disable smooth scrolling during route transitions. To prepare for this change, add `data-scroll-behavior="smooth"` to your <html> element. Learn more: https://nextjs.org/docs/messages/missing-data-scroll-behavior @ webpack-internal:///(app-pages-browser)/./node_modules/next/dist/shared/lib/utils/warn-once.js:15
[ 2392946ms] [ERROR] Failed to load resource: the server responded with a status of 403 () @ https://lottie.host/2d72dc12-f9c3-4246-9ca4-761c6b68b7e8/otmznHELV9.lottie:0
[ 2393263ms] [ERROR] Failed to load resource: the server responded with a status of 403 () @ https://lottie.host/087108cc-2e05-43ae-ab7b-a6097b603f0c/d2NDpHCZcX.lottie:0
[ 2392946ms] [ERROR] Failed to load resource: the server responded with a status of 403 () @ https://lottie.host/2d72dc12-f9c3-4246-9ca4-761c6b68b7e8/otmznHELV9.lottie:0
[ 2393263ms] [ERROR] Failed to load resource: the server responded with a status of 403 () @ https://lottie.host/087108cc-2e05-43ae-ab7b-a6097b603f0c/d2NDpHCZcX.lottie:0
[ 2394497ms] [ERROR] Failed to load resource: the server responded with a status of 403 () @ https://lottie.host/15c9e726-c4e6-4c91-b85e-8689fe0cb5f9/KSIIvmyugy.lottie:0
[ 2526810ms] ReferenceError: DarkHoneycombBackground is not defined
    at WhyChooseUs (webpack-internal:///(app-pages-browser)/./src/components/WhyChooseUs.tsx:101:89)
    at Object.react_stack_bottom_frame (webpack-internal:///(app-pages-browser)/./node_modules/next/dist/compiled/react-dom/cjs/react-dom-client.development.js:23584:20)
    at renderWithHooks (webpack-internal:///(app-pages-browser)/./node_modules/next/dist/compiled/react-dom/cjs/react-dom-client.development.js:6793:22)
    at updateFunctionComponent (webpack-internal:///(app-pages-browser)/./node_modules/next/dist/compiled/react-dom/cjs/react-dom-client.development.js:9247:19)
    at beginWork (webpack-internal:///(app-pages-browser)/./node_modules/next/dist/compiled/react-dom/cjs/react-dom-client.development.js:10858:18)
    at runWithFiberInDEV (webpack-internal:///(app-pages-browser)/./node_modules/next/dist/compiled/react-dom/cjs/react-dom-client.development.js:872:30)
    at performUnitOfWork (webpack-internal:///(app-pages-browser)/./node_modules/next/dist/compiled/react-dom/cjs/react-dom-client.development.js:15727:22)
    at workLoopSync (webpack-internal:///(app-pages-browser)/./node_modules/next/dist/compiled/react-dom/cjs/react-dom-client.development.js:15547:41)
    at renderRootSync (webpack-internal:///(app-pages-browser)/./node_modules/next/dist/compiled/react-dom/cjs/react-dom-client.development.js:15527:11)
    at performWorkOnRoot (webpack-internal:///(app-pages-browser)/./node_modules/next/dist/compiled/react-dom/cjs/react-dom-client.development.js:14991:13)
    at performSyncWorkOnRoot (webpack-internal:///(app-pages-browser)/./node_modules/next/dist/compiled/react-dom/cjs/react-dom-client.development.js:16831:7)
    at flushSyncWorkAcrossRoots_impl (webpack-internal:///(app-pages-browser)/./node_modules/next/dist/compiled/react-dom/cjs/react-dom-client.development.js:16677:21)
    at flushSyncWork$1 (webpack-internal:///(app-pages-browser)/./node_modules/next/dist/compiled/react-dom/cjs/react-dom-client.development.js:15297:12)
    at Object.scheduleRefresh (webpack-internal:///(app-pages-browser)/./node_modules/next/dist/compiled/react-dom/cjs/react-dom-client.development.js:114:9)
    at eval (webpack-internal:///(app-pages-browser)/./node_modules/next/dist/compiled/react-refresh/cjs/react-refresh-runtime.development.js:265:17)
    at Set.forEach (<anonymous>)
    at Object.performReactRefresh (webpack-internal:///(app-pages-browser)/./node_modules/next/dist/compiled/react-refresh/cjs/react-refresh-runtime.development.js:254:26)
    at applyUpdate (webpack-internal:///(app-pages-browser)/./node_modules/next/dist/compiled/@next/react-refresh-utils/dist/internal/helpers.js:139:31)
    at statusHandler (webpack-internal:///(app-pages-browser)/./node_modules/next/dist/compiled/@next/react-refresh-utils/dist/internal/helpers.js:156:13)
    at setStatus (http://localhost:3002/_next/static/chunks/webpack.js?v=1770717234365:498:55)
    at http://localhost:3002/_next/static/chunks/webpack.js?v=1770717234365:667:21
[ 2526757ms] [WARNING] [Fast Refresh] performing full reload because your application had an unrecoverable error @ webpack-internal:///(app-pages-browser)/./node_modules/next/dist/client/dev/hot-reloader/app/hot-reloader-app.js:113
[ 2527664ms] [ERROR] Failed to load resource: the server responded with a status of 500 (Internal Server Error) @ http://localhost:3002/:0
[ 2532663ms] ReferenceError: DarkHoneycombBackground is not defined
    at WhyChooseUs (webpack-internal:///(app-pages-browser)/./src/components/WhyChooseUs.tsx:101:89)
    at Object.react_stack_bottom_frame (webpack-internal:///(app-pages-browser)/./node_modules/next/dist/compiled/react-dom/cjs/react-dom-client.development.js:23584:20)
    at renderWithHooks (webpack-internal:///(app-pages-browser)/./node_modules/next/dist/compiled/react-dom/cjs/react-dom-client.development.js:6793:22)
    at updateFunctionComponent (webpack-internal:///(app-pages-browser)/./node_modules/next/dist/compiled/react-dom/cjs/react-dom-client.development.js:9247:19)
    at beginWork (webpack-internal:///(app-pages-browser)/./node_modules/next/dist/compiled/react-dom/cjs/react-dom-client.development.js:10858:18)
    at runWithFiberInDEV (webpack-internal:///(app-pages-browser)/./node_modules/next/dist/compiled/react-dom/cjs/react-dom-client.development.js:872:30)
    at performUnitOfWork (webpack-internal:///(app-pages-browser)/./node_modules/next/dist/compiled/react-dom/cjs/react-dom-client.development.js:15727:22)
    at workLoopSync (webpack-internal:///(app-pages-browser)/./node_modules/next/dist/compiled/react-dom/cjs/react-dom-client.development.js:15547:41)
    at renderRootSync (webpack-internal:///(app-pages-browser)/./node_modules/next/dist/compiled/react-dom/cjs/react-dom-client.development.js:15527:11)
    at performWorkOnRoot (webpack-internal:///(app-pages-browser)/./node_modules/next/dist/compiled/react-dom/cjs/react-dom-client.development.js:15034:44)
    at performWorkOnRootViaSchedulerTask (webpack-internal:///(app-pages-browser)/./node_modules/next/dist/compiled/react-dom/cjs/react-dom-client.development.js:16816:7)
    at MessagePort.performWorkUntilDeadline (webpack-internal:///(app-pages-browser)/./node_modules/next/dist/compiled/scheduler/cjs/scheduler.development.js:45:48)
[ 2535851ms] [WARNING] The resource http://localhost:3002/_next/static/css/app/layout.css?v=1770717451840 was preloaded using link preload but not used within a few seconds from the window's load event. Please make sure it has an appropriate `as` value and it is preloaded intentionally. @ http://localhost:3002/:0
[ 2537988ms] [WARNING] [Fast Refresh] performing full reload because your application had an unrecoverable error @ webpack-internal:///(app-pages-browser)/./node_modules/next/dist/client/dev/hot-reloader/app/hot-reloader-app.js:113
[ 2538655ms] [ERROR] Failed to load resource: the server responded with a status of 500 (Internal Server Error) @ http://localhost:3002/:0
[ 2539624ms] ReferenceError: DarkHoneycombBackground is not defined
    at GetStarted (webpack-internal:///(app-pages-browser)/./src/components/GetStarted.tsx:43:89)
    at Object.react_stack_bottom_frame (webpack-internal:///(app-pages-browser)/./node_modules/next/dist/compiled/react-dom/cjs/react-dom-client.development.js:23584:20)
    at renderWithHooks (webpack-internal:///(app-pages-browser)/./node_modules/next/dist/compiled/react-dom/cjs/react-dom-client.development.js:6793:22)
    at updateFunctionComponent (webpack-internal:///(app-pages-browser)/./node_modules/next/dist/compiled/react-dom/cjs/react-dom-client.development.js:9247:19)
    at beginWork (webpack-internal:///(app-pages-browser)/./node_modules/next/dist/compiled/react-dom/cjs/react-dom-client.development.js:10858:18)
    at runWithFiberInDEV (webpack-internal:///(app-pages-browser)/./node_modules/next/dist/compiled/react-dom/cjs/react-dom-client.development.js:872:30)
    at performUnitOfWork (webpack-internal:///(app-pages-browser)/./node_modules/next/dist/compiled/react-dom/cjs/react-dom-client.development.js:15727:22)
    at workLoopSync (webpack-internal:///(app-pages-browser)/./node_modules/next/dist/compiled/react-dom/cjs/react-dom-client.development.js:15547:41)
    at renderRootSync (webpack-internal:///(app-pages-browser)/./node_modules/next/dist/compiled/react-dom/cjs/react-dom-client.development.js:15527:11)
    at performWorkOnRoot (webpack-internal:///(app-pages-browser)/./node_modules/next/dist/compiled/react-dom/cjs/react-dom-client.development.js:15034:44)
    at performWorkOnRootViaSchedulerTask (webpack-internal:///(app-pages-browser)/./node_modules/next/dist/compiled/react-dom/cjs/react-dom-client.development.js:16816:7)
    at MessagePort.performWorkUntilDeadline (webpack-internal:///(app-pages-browser)/./node_modules/next/dist/compiled/scheduler/cjs/scheduler.development.js:45:48)
[ 2541373ms] [WARNING] [Fast Refresh] performing full reload because your application had an unrecoverable error @ webpack-internal:///(app-pages-browser)/./node_modules/next/dist/client/dev/hot-reloader/app/hot-reloader-app.js:113
[ 2542193ms] [WARNING] [Fast Refresh] performing full reload because your application had an unrecoverable error @ webpack-internal:///(app-pages-browser)/./node_modules/next/dist/client/dev/hot-reloader/app/hot-reloader-app.js:113
[ 2542766ms] [ERROR] Failed to load resource: the server responded with a status of 500 (Internal Server Error) @ http://localhost:3002/:0
[ 2543713ms] ReferenceError: DarkHoneycombBackground is not defined
    at GetStarted (webpack-internal:///(app-pages-browser)/./src/components/GetStarted.tsx:43:89)
    at Object.react_stack_bottom_frame (webpack-internal:///(app-pages-browser)/./node_modules/next/dist/compiled/react-dom/cjs/react-dom-client.development.js:23584:20)
    at renderWithHooks (webpack-internal:///(app-pages-browser)/./node_modules/next/dist/compiled/react-dom/cjs/react-dom-client.development.js:6793:22)
    at updateFunctionComponent (webpack-internal:///(app-pages-browser)/./node_modules/next/dist/compiled/react-dom/cjs/react-dom-client.development.js:9247:19)
    at beginWork (webpack-internal:///(app-pages-browser)/./node_modules/next/dist/compiled/react-dom/cjs/react-dom-client.development.js:10858:18)
    at runWithFiberInDEV (webpack-internal:///(app-pages-browser)/./node_modules/next/dist/compiled/react-dom/cjs/react-dom-client.development.js:872:30)
    at performUnitOfWork (webpack-internal:///(app-pages-browser)/./node_modules/next/dist/compiled/react-dom/cjs/react-dom-client.development.js:15727:22)
    at workLoopSync (webpack-internal:///(app-pages-browser)/./node_modules/next/dist/compiled/react-dom/cjs/react-dom-client.development.js:15547:41)
    at renderRootSync (webpack-internal:///(app-pages-browser)/./node_modules/next/dist/compiled/react-dom/cjs/react-dom-client.development.js:15527:11)
    at performWorkOnRoot (webpack-internal:///(app-pages-browser)/./node_modules/next/dist/compiled/react-dom/cjs/react-dom-client.development.js:15034:44)
    at performWorkOnRootViaSchedulerTask (webpack-internal:///(app-pages-browser)/./node_modules/next/dist/compiled/react-dom/cjs/react-dom-client.development.js:16816:7)
    at MessagePort.performWorkUntilDeadline (webpack-internal:///(app-pages-browser)/./node_modules/next/dist/compiled/scheduler/cjs/scheduler.development.js:45:48)
[ 2547394ms] [WARNING] <meta name="apple-mobile-web-app-capable" content="yes"> is deprecated. Please include <meta name="mobile-web-app-capable" content="yes"> @ http://localhost:3002/:0
[ 2547852ms] [WARNING] Image with src "/assets/mission-vision.jpg" has "fill" but is missing "sizes" prop. Please add it to improve page performance. Read more: https://nextjs.org/docs/api-reference/next/image#sizes @ webpack-internal:///(app-pages-browser)/./node_modules/next/dist/shared/lib/utils/warn-once.js:15
