[   18451ms] [WARNING] <meta name="apple-mobile-web-app-capable" content="yes"> is deprecated. Please include <meta name="mobile-web-app-capable" content="yes"> @ http://localhost:3000/:0
[   18958ms] [WARNING] Image with src "/assets/mission-vision.jpg" has "fill" but is missing "sizes" prop. Please add it to improve page performance. Read more: https://nextjs.org/docs/api-reference/next/image#sizes @ webpack-internal:///(app-pages-browser)/./node_modules/next/dist/shared/lib/utils/warn-once.js:15
[   51776ms] [WARNING] Image with src "/whyChoose/customer-service.jpg" has "fill" but is missing "sizes" prop. Please add it to improve page performance. Read more: https://nextjs.org/docs/api-reference/next/image#sizes @ webpack-internal:///(app-pages-browser)/./node_modules/next/dist/shared/lib/utils/warn-once.js:15
[   53502ms] [ERROR] Failed to load resource: the server responded with a status of 403 () @ https://lottie.host/2d72dc12-f9c3-4246-9ca4-761c6b68b7e8/otmznHELV9.lottie:0
[   53504ms] [ERROR] Failed to load resource: the server responded with a status of 403 () @ https://lottie.host/087108cc-2e05-43ae-ab7b-a6097b603f0c/d2NDpHCZcX.lottie:0
[   53502ms] [ERROR] Failed to load resource: the server responded with a status of 403 () @ https://lottie.host/2d72dc12-f9c3-4246-9ca4-761c6b68b7e8/otmznHELV9.lottie:0
[   53504ms] [ERROR] Failed to load resource: the server responded with a status of 403 () @ https://lottie.host/087108cc-2e05-43ae-ab7b-a6097b603f0c/d2NDpHCZcX.lottie:0
[   54929ms] [WARNING] Image with src "/whyChoose/low-code.png" has "fill" but is missing "sizes" prop. Please add it to improve page performance. Read more: https://nextjs.org/docs/api-reference/next/image#sizes @ webpack-internal:///(app-pages-browser)/./node_modules/next/dist/shared/lib/utils/warn-once.js:15
[   55006ms] [WARNING] Image with src "/whyChoose/process-driven.png" has "fill" but is missing "sizes" prop. Please add it to improve page performance. Read more: https://nextjs.org/docs/api-reference/next/image#sizes @ webpack-internal:///(app-pages-browser)/./node_modules/next/dist/shared/lib/utils/warn-once.js:15
[   55073ms] [WARNING] Image with src "/whyChoose/people-meeting.jpg" has "fill" but is missing "sizes" prop. Please add it to improve page performance. Read more: https://nextjs.org/docs/api-reference/next/image#sizes @ webpack-internal:///(app-pages-browser)/./node_modules/next/dist/shared/lib/utils/warn-once.js:15
[   53502ms] [ERROR] Failed to load resource: the server responded with a status of 403 () @ https://lottie.host/2d72dc12-f9c3-4246-9ca4-761c6b68b7e8/otmznHELV9.lottie:0
[   53504ms] [ERROR] Failed to load resource: the server responded with a status of 403 () @ https://lottie.host/087108cc-2e05-43ae-ab7b-a6097b603f0c/d2NDpHCZcX.lottie:0
[   53502ms] [ERROR] Failed to load resource: the server responded with a status of 403 () @ https://lottie.host/2d72dc12-f9c3-4246-9ca4-761c6b68b7e8/otmznHELV9.lottie:0
[   53504ms] [ERROR] Failed to load resource: the server responded with a status of 403 () @ https://lottie.host/087108cc-2e05-43ae-ab7b-a6097b603f0c/d2NDpHCZcX.lottie:0
[   55657ms] [ERROR] Failed to load resource: the server responded with a status of 403 () @ https://lottie.host/15c9e726-c4e6-4c91-b85e-8689fe0cb5f9/KSIIvmyugy.lottie:0
[   53502ms] [ERROR] Failed to load resource: the server responded with a status of 403 () @ https://lottie.host/2d72dc12-f9c3-4246-9ca4-761c6b68b7e8/otmznHELV9.lottie:0
[   53504ms] [ERROR] Failed to load resource: the server responded with a status of 403 () @ https://lottie.host/087108cc-2e05-43ae-ab7b-a6097b603f0c/d2NDpHCZcX.lottie:0
[   55657ms] [ERROR] Failed to load resource: the server responded with a status of 403 () @ https://lottie.host/15c9e726-c4e6-4c91-b85e-8689fe0cb5f9/KSIIvmyugy.lottie:0
[   53502ms] [ERROR] Failed to load resource: the server responded with a status of 403 () @ https://lottie.host/2d72dc12-f9c3-4246-9ca4-761c6b68b7e8/otmznHELV9.lottie:0
[   53504ms] [ERROR] Failed to load resource: the server responded with a status of 403 () @ https://lottie.host/087108cc-2e05-43ae-ab7b-a6097b603f0c/d2NDpHCZcX.lottie:0
[   55657ms] [ERROR] Failed to load resource: the server responded with a status of 403 () @ https://lottie.host/15c9e726-c4e6-4c91-b85e-8689fe0cb5f9/KSIIvmyugy.lottie:0
[   53502ms] [ERROR] Failed to load resource: the server responded with a status of 403 () @ https://lottie.host/2d72dc12-f9c3-4246-9ca4-761c6b68b7e8/otmznHELV9.lottie:0
[   53504ms] [ERROR] Failed to load resource: the server responded with a status of 403 () @ https://lottie.host/087108cc-2e05-43ae-ab7b-a6097b603f0c/d2NDpHCZcX.lottie:0
[   55657ms] [ERROR] Failed to load resource: the server responded with a status of 403 () @ https://lottie.host/15c9e726-c4e6-4c91-b85e-8689fe0cb5f9/KSIIvmyugy.lottie:0
[   56112ms] [WARNING] Image with src "/whyChoose/sustainable.png" has "fill" but is missing "sizes" prop. Please add it to improve page performance. Read more: https://nextjs.org/docs/api-reference/next/image#sizes @ webpack-internal:///(app-pages-browser)/./node_modules/next/dist/shared/lib/utils/warn-once.js:15
[   56406ms] [ERROR] Failed to load resource: the server responded with a status of 403 () @ https://lottie.host/0a219d7c-539c-4100-9066-5124cc46c7ac/Dmrwc1Et7J.lottie:0
[   56526ms] [ERROR] Failed to load resource: the server responded with a status of 403 () @ https://lottie.host/676ba249-78b3-4d76-956d-adf89efb2a76/ygRWOuRKbJ.lottie:0
[   56672ms] [ERROR] Failed to load resource: the server responded with a status of 403 () @ https://lottie.host/86945951-c9a6-4c44-ab90-4a8cafd1adf7/3qazEaYoVx.lottie:0
[   53502ms] [ERROR] Failed to load resource: the server responded with a status of 403 () @ https://lottie.host/2d72dc12-f9c3-4246-9ca4-761c6b68b7e8/otmznHELV9.lottie:0
[   53504ms] [ERROR] Failed to load resource: the server responded with a status of 403 () @ https://lottie.host/087108cc-2e05-43ae-ab7b-a6097b603f0c/d2NDpHCZcX.lottie:0
[   55657ms] [ERROR] Failed to load resource: the server responded with a status of 403 () @ https://lottie.host/15c9e726-c4e6-4c91-b85e-8689fe0cb5f9/KSIIvmyugy.lottie:0
[   56406ms] [ERROR] Failed to load resource: the server responded with a status of 403 () @ https://lottie.host/0a219d7c-539c-4100-9066-5124cc46c7ac/Dmrwc1Et7J.lottie:0
[   56526ms] [ERROR] Failed to load resource: the server responded with a status of 403 () @ https://lottie.host/676ba249-78b3-4d76-956d-adf89efb2a76/ygRWOuRKbJ.lottie:0
[   56672ms] [ERROR] Failed to load resource: the server responded with a status of 403 () @ https://lottie.host/86945951-c9a6-4c44-ab90-4a8cafd1adf7/3qazEaYoVx.lottie:0
[   53502ms] [ERROR] Failed to load resource: the server responded with a status of 403 () @ https://lottie.host/2d72dc12-f9c3-4246-9ca4-761c6b68b7e8/otmznHELV9.lottie:0
[   53504ms] [ERROR] Failed to load resource: the server responded with a status of 403 () @ https://lottie.host/087108cc-2e05-43ae-ab7b-a6097b603f0c/d2NDpHCZcX.lottie:0
[   55657ms] [ERROR] Failed to load resource: the server responded with a status of 403 () @ https://lottie.host/15c9e726-c4e6-4c91-b85e-8689fe0cb5f9/KSIIvmyugy.lottie:0
[   56406ms] [ERROR] Failed to load resource: the server responded with a status of 403 () @ https://lottie.host/0a219d7c-539c-4100-9066-5124cc46c7ac/Dmrwc1Et7J.lottie:0
[   56526ms] [ERROR] Failed to load resource: the server responded with a status of 403 () @ https://lottie.host/676ba249-78b3-4d76-956d-adf89efb2a76/ygRWOuRKbJ.lottie:0
[   56672ms] [ERROR] Failed to load resource: the server responded with a status of 403 () @ https://lottie.host/86945951-c9a6-4c44-ab90-4a8cafd1adf7/3qazEaYoVx.lottie:0
[   57586ms] [ERROR] Failed to load resource: the server responded with a status of 403 () @ https://lottie.host/a503333d-300b-499d-bea4-16ed5735ed88/riwclcALDL.lottie:0
[   57915ms] [ERROR] Failed to load resource: the server responded with a status of 403 () @ https://lottie.host/cf5a013f-0590-4462-b7ac-a86002ac9f76/OjiADZe4jM.lottie:0
[   58162ms] [WARNING] Image with src "/whyChoose/automation-image-custom.png" has "fill" but is missing "sizes" prop. Please add it to improve page performance. Read more: https://nextjs.org/docs/api-reference/next/image#sizes @ webpack-internal:///(app-pages-browser)/./node_modules/next/dist/shared/lib/utils/warn-once.js:15
[   53502ms] [ERROR] Failed to load resource: the server responded with a status of 403 () @ https://lottie.host/2d72dc12-f9c3-4246-9ca4-761c6b68b7e8/otmznHELV9.lottie:0
[   53504ms] [ERROR] Failed to load resource: the server responded with a status of 403 () @ https://lottie.host/087108cc-2e05-43ae-ab7b-a6097b603f0c/d2NDpHCZcX.lottie:0
[   55657ms] [ERROR] Failed to load resource: the server responded with a status of 403 () @ https://lottie.host/15c9e726-c4e6-4c91-b85e-8689fe0cb5f9/KSIIvmyugy.lottie:0
[   56406ms] [ERROR] Failed to load resource: the server responded with a status of 403 () @ https://lottie.host/0a219d7c-539c-4100-9066-5124cc46c7ac/Dmrwc1Et7J.lottie:0
[   56526ms] [ERROR] Failed to load resource: the server responded with a status of 403 () @ https://lottie.host/676ba249-78b3-4d76-956d-adf89efb2a76/ygRWOuRKbJ.lottie:0
[   56672ms] [ERROR] Failed to load resource: the server responded with a status of 403 () @ https://lottie.host/86945951-c9a6-4c44-ab90-4a8cafd1adf7/3qazEaYoVx.lottie:0
[   57586ms] [ERROR] Failed to load resource: the server responded with a status of 403 () @ https://lottie.host/a503333d-300b-499d-bea4-16ed5735ed88/riwclcALDL.lottie:0
[   57915ms] [ERROR] Failed to load resource: the server responded with a status of 403 () @ https://lottie.host/cf5a013f-0590-4462-b7ac-a86002ac9f76/OjiADZe4jM.lottie:0
[   53502ms] [ERROR] Failed to load resource: the server responded with a status of 403 () @ https://lottie.host/2d72dc12-f9c3-4246-9ca4-761c6b68b7e8/otmznHELV9.lottie:0
[   53504ms] [ERROR] Failed to load resource: the server responded with a status of 403 () @ https://lottie.host/087108cc-2e05-43ae-ab7b-a6097b603f0c/d2NDpHCZcX.lottie:0
[   55657ms] [ERROR] Failed to load resource: the server responded with a status of 403 () @ https://lottie.host/15c9e726-c4e6-4c91-b85e-8689fe0cb5f9/KSIIvmyugy.lottie:0
[   56406ms] [ERROR] Failed to load resource: the server responded with a status of 403 () @ https://lottie.host/0a219d7c-539c-4100-9066-5124cc46c7ac/Dmrwc1Et7J.lottie:0
[   56526ms] [ERROR] Failed to load resource: the server responded with a status of 403 () @ https://lottie.host/676ba249-78b3-4d76-956d-adf89efb2a76/ygRWOuRKbJ.lottie:0
[   56672ms] [ERROR] Failed to load resource: the server responded with a status of 403 () @ https://lottie.host/86945951-c9a6-4c44-ab90-4a8cafd1adf7/3qazEaYoVx.lottie:0
[   57586ms] [ERROR] Failed to load resource: the server responded with a status of 403 () @ https://lottie.host/a503333d-300b-499d-bea4-16ed5735ed88/riwclcALDL.lottie:0
[   57915ms] [ERROR] Failed to load resource: the server responded with a status of 403 () @ https://lottie.host/cf5a013f-0590-4462-b7ac-a86002ac9f76/OjiADZe4jM.lottie:0
[   53502ms] [ERROR] Failed to load resource: the server responded with a status of 403 () @ https://lottie.host/2d72dc12-f9c3-4246-9ca4-761c6b68b7e8/otmznHELV9.lottie:0
[   53504ms] [ERROR] Failed to load resource: the server responded with a status of 403 () @ https://lottie.host/087108cc-2e05-43ae-ab7b-a6097b603f0c/d2NDpHCZcX.lottie:0
[   55657ms] [ERROR] Failed to load resource: the server responded with a status of 403 () @ https://lottie.host/15c9e726-c4e6-4c91-b85e-8689fe0cb5f9/KSIIvmyugy.lottie:0
[   56406ms] [ERROR] Failed to load resource: the server responded with a status of 403 () @ https://lottie.host/0a219d7c-539c-4100-9066-5124cc46c7ac/Dmrwc1Et7J.lottie:0
[   56526ms] [ERROR] Failed to load resource: the server responded with a status of 403 () @ https://lottie.host/676ba249-78b3-4d76-956d-adf89efb2a76/ygRWOuRKbJ.lottie:0
[   56672ms] [ERROR] Failed to load resource: the server responded with a status of 403 () @ https://lottie.host/86945951-c9a6-4c44-ab90-4a8cafd1adf7/3qazEaYoVx.lottie:0
[   57586ms] [ERROR] Failed to load resource: the server responded with a status of 403 () @ https://lottie.host/a503333d-300b-499d-bea4-16ed5735ed88/riwclcALDL.lottie:0
[   57915ms] [ERROR] Failed to load resource: the server responded with a status of 403 () @ https://lottie.host/cf5a013f-0590-4462-b7ac-a86002ac9f76/OjiADZe4jM.lottie:0
[   59462ms] [WARNING] Image with src "/blogImages/automation-best-practices.jpeg" has "fill" but is missing "sizes" prop. Please add it to improve page performance. Read more: https://nextjs.org/docs/api-reference/next/image#sizes @ webpack-internal:///(app-pages-browser)/./node_modules/next/dist/shared/lib/utils/warn-once.js:15
[   59479ms] [WARNING] Image with src "/blogImages/social-payroll-automation.jpg" has "fill" but is missing "sizes" prop. Please add it to improve page performance. Read more: https://nextjs.org/docs/api-reference/next/image#sizes @ webpack-internal:///(app-pages-browser)/./node_modules/next/dist/shared/lib/utils/warn-once.js:15
[   59795ms] [WARNING] Image with src "/blogImages/future-of-business.jpg" has "fill" but is missing "sizes" prop. Please add it to improve page performance. Read more: https://nextjs.org/docs/api-reference/next/image#sizes @ webpack-internal:///(app-pages-browser)/./node_modules/next/dist/shared/lib/utils/warn-once.js:15
[  176806ms] [WARNING] <meta name="apple-mobile-web-app-capable" content="yes"> is deprecated. Please include <meta name="mobile-web-app-capable" content="yes"> @ http://localhost:3000/:0
[  177247ms] [WARNING] Image with src "/assets/mission-vision.jpg" has "fill" but is missing "sizes" prop. Please add it to improve page performance. Read more: https://nextjs.org/docs/api-reference/next/image#sizes @ webpack-internal:///(app-pages-browser)/./node_modules/next/dist/shared/lib/utils/warn-once.js:15
